#
# There is insufficient memory for the Java Runtime Environment to continue.
# Native memory allocation (malloc) failed to allocate 1068096 bytes for Chunk::new
# Possible reasons:
#   The system is out of physical RAM or swap space
#   The process is running with CompressedOops enabled, and the Java Heap may be blocking the growth of the native heap
# Possible solutions:
#   Reduce memory load on the system
#   Increase physical memory or swap space
#   Check if swap backing store is full
#   Decrease Java heap size (-Xmx/-Xms)
#   Decrease number of Java threads
#   Decrease Java thread stack sizes (-Xss)
#   Set larger code cache with -XX:ReservedCodeCacheSize=
#   JVM is running with Unscaled Compressed Oops mode in which the Java heap is
#     placed in the first 4GB address space. The Java Heap base address is the
#     maximum limit for the native heap growth. Please use -XX:HeapBaseMinAddress
#     to set the Java Heap base and to place the Java Heap above 4GB virtual address.
# This output file may be truncated or incomplete.
#
#  Out of Memory Error (allocation.cpp:389), pid=14048, tid=0x0000000000002ad4
#
# JRE version: OpenJDK Runtime Environment (8.0_212-b04) (build 1.8.0_212-release-1586-b04)
# Java VM: OpenJDK 64-Bit Server VM (25.212-b04 mixed mode windows-amd64 compressed oops)
# Failed to write core dump. Minidumps are not enabled by default on client versions of Windows
#

---------------  T H R E A D  ---------------

Current thread (0x000000001845e000):  JavaThread "C2 CompilerThread1" daemon [_thread_in_native, id=10964, stack(0x0000000018e50000,0x0000000018f50000)]

Stack: [0x0000000018e50000,0x0000000018f50000]
[error occurred during error reporting (printing stack bounds), id 0xc0000005]

Native frames: (J=compiled Java code, j=interpreted, Vv=VM code, C=native code)


Current CompileTask:
C2:3396505 20269       4       com.android.tools.r8.ir.optimize.h::a (627 bytes)


---------------  P R O C E S S  ---------------

Java Threads: ( => current thread )
  0x0000000021650800 JavaThread "WorkerExecutor Queue Thread 17" [_thread_blocked, id=20668, stack(0x00000000345d0000,0x00000000346d0000)]
  0x0000000021654000 JavaThread "WorkerExecutor Queue Thread 16" [_thread_in_native, id=6880, stack(0x00000000344d0000,0x00000000345d0000)]
  0x0000000021655800 JavaThread "WorkerExecutor Queue Thread 15" [_thread_blocked, id=13220, stack(0x00000000343d0000,0x00000000344d0000)]
  0x0000000021656800 JavaThread "WorkerExecutor Queue Thread 14" [_thread_blocked, id=21908, stack(0x00000000342d0000,0x00000000343d0000)]
  0x0000000021652000 JavaThread "WorkerExecutor Queue Thread 13" [_thread_blocked, id=23052, stack(0x00000000341d0000,0x00000000342d0000)]
  0x0000000021653800 JavaThread "WorkerExecutor Queue Thread 12" [_thread_in_Java, id=15864, stack(0x00000000340d0000,0x00000000341d0000)]
  0x000000002164f800 JavaThread "WorkerExecutor Queue Thread 11" [_thread_blocked, id=844, stack(0x0000000033fd0000,0x00000000340d0000)]
  0x000000002164c800 JavaThread "WorkerExecutor Queue Thread 10" [_thread_in_native, id=22456, stack(0x0000000030f60000,0x0000000031060000)]
  0x0000000021649000 JavaThread "Cache worker for Java compile cache (C:\Users\Maju\Desktop\LINUX ISO\Gm\Cours_Hocine\CookWay-master\.gradle\5.6.4\javaCompile)" [_thread_blocked, id=2468, stack(0x0000000030e60000,0x0000000030f60000)]
  0x000000002164d800 JavaThread "Cache worker for Java compile cache (C:\Users\Maju\.gradle\caches\5.6.4\javaCompile)" [_thread_blocked, id=4272, stack(0x0000000030d60000,0x0000000030e60000)]
  0x000000002164e000 JavaThread "stdout" [_thread_in_native, id=2304, stack(0x000000002bd50000,0x000000002be50000)]
  0x0000000021649800 JavaThread "stderr" [_thread_in_native, id=14992, stack(0x000000002bc50000,0x000000002bd50000)]
  0x0000000019bcb800 JavaThread "WorkerExecutor Queue Thread 7" [_thread_in_Java, id=14812, stack(0x000000002ba50000,0x000000002bb50000)]
  0x0000000019bc1800 JavaThread "stdout" [_thread_in_native, id=15152, stack(0x000000002b450000,0x000000002b550000)]
  0x0000000019bc7000 JavaThread "stderr" [_thread_in_native, id=24460, stack(0x000000002b350000,0x000000002b450000)]
  0x0000000019bc7800 JavaThread "stdout" [_thread_in_native, id=2172, stack(0x000000002b250000,0x000000002b350000)]
  0x0000000019bbf800 JavaThread "stderr" [_thread_in_native, id=10532, stack(0x000000002b150000,0x000000002b250000)]
  0x0000000019bc6000 JavaThread "stdout" [_thread_in_native, id=23668, stack(0x000000002b050000,0x000000002b150000)]
  0x0000000019bbe800 JavaThread "stderr" [_thread_in_native, id=24040, stack(0x000000002af50000,0x000000002b050000)]
  0x0000000019bc5800 JavaThread "stdout" [_thread_in_native, id=1028, stack(0x000000002ae50000,0x000000002af50000)]
  0x0000000019bc2800 JavaThread "stderr" [_thread_in_native, id=22068, stack(0x000000002ad50000,0x000000002ae50000)]
  0x0000000019bc0000 JavaThread "stdout" [_thread_in_native, id=21496, stack(0x000000002ac50000,0x000000002ad50000)]
  0x0000000019bbd000 JavaThread "stderr" [_thread_in_native, id=5672, stack(0x000000002ab50000,0x000000002ac50000)]
  0x0000000019bbe000 JavaThread "stdout" [_thread_in_native, id=20520, stack(0x000000002aa50000,0x000000002ab50000)]
  0x0000000021c04000 JavaThread "stderr" [_thread_in_native, id=15692, stack(0x000000002a950000,0x000000002aa50000)]
  0x0000000021c03000 JavaThread "stdout" [_thread_in_native, id=20856, stack(0x000000002a850000,0x000000002a950000)]
  0x0000000021c02800 JavaThread "stderr" [_thread_in_native, id=11092, stack(0x000000002a750000,0x000000002a850000)]
  0x0000000021c05800 JavaThread "pool-18-thread-1" [_thread_blocked, id=24424, stack(0x000000002a650000,0x000000002a750000)]
  0x0000000021c01000 JavaThread "Cache worker for execution history cache (C:\Users\Maju\Desktop\LINUX ISO\Gm\Cours_Hocine\CookWay-master\.gradle\5.6.4\executionHistory)" [_thread_blocked, id=19884, stack(0x0000000028680000,0x0000000028780000)]
  0x0000000021bff800 JavaThread "Execution worker for ':' Thread 7" [_thread_in_Java, id=7232, stack(0x0000000028480000,0x0000000028580000)]
  0x0000000021bfe800 JavaThread "Execution worker for ':' Thread 6" [_thread_blocked, id=21832, stack(0x0000000028380000,0x0000000028480000)]
  0x0000000021bfd800 JavaThread "Execution worker for ':' Thread 5" [_thread_in_Java, id=8600, stack(0x0000000028280000,0x0000000028380000)]
  0x0000000021bf6000 JavaThread "Execution worker for ':' Thread 4" [_thread_blocked, id=2476, stack(0x0000000028180000,0x0000000028280000)]
  0x0000000021bf9000 JavaThread "Execution worker for ':' Thread 3" [_thread_in_Java, id=17568, stack(0x0000000028080000,0x0000000028180000)]
  0x0000000021bf8800 JavaThread "Execution worker for ':' Thread 2" [_thread_blocked, id=24196, stack(0x0000000027f80000,0x0000000028080000)]
  0x0000000021bfa800 JavaThread "Execution worker for ':'" [_thread_in_Java, id=3304, stack(0x0000000027e80000,0x0000000027f80000)]
  0x0000000021bfd000 JavaThread "Cache worker for file content cache (C:\Users\Maju\Desktop\LINUX ISO\Gm\Cours_Hocine\CookWay-master\.gradle\5.6.4\fileContent)" [_thread_blocked, id=14192, stack(0x0000000027d80000,0x0000000027e80000)]
  0x0000000021bfc000 JavaThread "Cache worker for file content cache (C:\Users\Maju\.gradle\caches\5.6.4\fileContent)" [_thread_blocked, id=16260, stack(0x0000000027c80000,0x0000000027d80000)]
  0x0000000021bfb800 JavaThread "Cache worker for Build Output Cleanup Cache (C:\Users\Maju\Desktop\LINUX ISO\Gm\Cours_Hocine\CookWay-master\.gradle\buildOutputCleanup)" [_thread_blocked, id=5836, stack(0x0000000027b80000,0x0000000027c80000)]
  0x0000000021bf7800 JavaThread "Build operations Thread 8" [_thread_blocked, id=9000, stack(0x0000000027a80000,0x0000000027b80000)]
  0x0000000021bf7000 JavaThread "Build operations Thread 7" [_thread_blocked, id=4696, stack(0x0000000027980000,0x0000000027a80000)]
  0x000000001a7fd000 JavaThread "Build operations Thread 6" [_thread_blocked, id=22148, stack(0x0000000027880000,0x0000000027980000)]
  0x000000001a7f7000 JavaThread "Build operations Thread 5" [_thread_blocked, id=14848, stack(0x0000000027780000,0x0000000027880000)]
  0x000000001a7fa000 JavaThread "Build operations Thread 4" [_thread_blocked, id=3556, stack(0x0000000027680000,0x0000000027780000)]
  0x000000001b3ef000 JavaThread "Build operations Thread 3" [_thread_blocked, id=23020, stack(0x0000000027580000,0x0000000027680000)]
  0x000000001b3ed000 JavaThread "Build operations Thread 2" [_thread_blocked, id=19828, stack(0x0000000027480000,0x0000000027580000)]
  0x000000001b3ee800 JavaThread "Build operations" [_thread_blocked, id=11768, stack(0x0000000027380000,0x0000000027480000)]
  0x000000001b3e4000 JavaThread "Cache worker for cache directory md-rule (C:\Users\Maju\.gradle\caches\5.6.4\md-rule)" [_thread_blocked, id=9764, stack(0x0000000027280000,0x0000000027380000)]
  0x000000001b3ea800 JavaThread "Cache worker for cache directory md-supplier (C:\Users\Maju\.gradle\caches\5.6.4\md-supplier)" [_thread_blocked, id=16100, stack(0x0000000027180000,0x0000000027280000)]
  0x000000001b3e3000 JavaThread "Cache worker for file hash cache (C:\Users\Maju\Desktop\LINUX ISO\Gm\Cours_Hocine\CookWay-master\.gradle\5.6.4\fileHashes)" [_thread_blocked, id=19648, stack(0x0000000027080000,0x0000000027180000)]
  0x000000001b3ea000 JavaThread "Thread-32" [_thread_blocked, id=1864, stack(0x0000000026f80000,0x0000000027080000)]
  0x000000001b3e8800 JavaThread "Stdin handler" [_thread_blocked, id=21784, stack(0x0000000026e80000,0x0000000026f80000)]
  0x000000001b3e9000 JavaThread "Asynchronous log dispatcher for DefaultDaemonConnection: socket connection from /127.0.0.1:65136 to /127.0.0.1:50423" [_thread_blocked, id=1312, stack(0x0000000026d80000,0x0000000026e80000)]
  0x000000001b3e7800 JavaThread "Daemon worker Thread 2" [_thread_blocked, id=100, stack(0x0000000026c80000,0x0000000026d80000)]
  0x000000001b3e2800 JavaThread "Cancel handler" [_thread_blocked, id=23412, stack(0x0000000026b80000,0x0000000026c80000)]
  0x000000001b3e6000 JavaThread "Handler for socket connection from /127.0.0.1:65136 to /127.0.0.1:50423" [_thread_in_native, id=21876, stack(0x0000000026a80000,0x0000000026b80000)]
  0x000000001b3e4800 JavaThread "Daemon Thread 2" [_thread_blocked, id=19996, stack(0x0000000026980000,0x0000000026a80000)]
  0x000000001b3f0000 JavaThread "Memory manager" [_thread_blocked, id=23904, stack(0x0000000024d50000,0x0000000024e50000)]
  0x000000001b3e7000 JavaThread "Cache worker for execution history cache (C:\Users\Maju\.gradle\caches\5.6.4\executionHistory)" [_thread_blocked, id=20208, stack(0x00000000210d0000,0x00000000211d0000)]
  0x000000001a7f9000 JavaThread "Cache worker for journal cache (C:\Users\Maju\.gradle\caches\journal-1)" [_thread_blocked, id=5180, stack(0x000000001d2a0000,0x000000001d3a0000)]
  0x000000001a7f8800 JavaThread "File lock request listener" [_thread_in_native, id=22812, stack(0x000000001d1a0000,0x000000001d2a0000)]
  0x000000001a7fb800 JavaThread "Cache worker for file hash cache (C:\Users\Maju\.gradle\caches\5.6.4\fileHashes)" [_thread_blocked, id=21624, stack(0x000000001d0a0000,0x000000001d1a0000)]
  0x000000001ad94000 JavaThread "Daemon periodic checks" [_thread_blocked, id=8364, stack(0x000000001c3a0000,0x000000001c4a0000)]
  0x000000001881b800 JavaThread "Incoming local TCP Connector on port 65136" [_thread_in_native, id=21080, stack(0x000000001c130000,0x000000001c230000)]
  0x000000001855a000 JavaThread "Daemon health stats" [_thread_blocked, id=21952, stack(0x000000001baf0000,0x000000001bbf0000)]
  0x00000000184f9000 JavaThread "Service Thread" daemon [_thread_blocked, id=14804, stack(0x0000000019150000,0x0000000019250000)]
  0x000000001665e000 JavaThread "C1 CompilerThread3" daemon [_thread_blocked, id=19920, stack(0x0000000019050000,0x0000000019150000)]
  0x0000000018461800 JavaThread "C2 CompilerThread2" daemon [_thread_in_native, id=3852, stack(0x0000000018f50000,0x0000000019050000)]
=>0x000000001845e000 JavaThread "C2 CompilerThread1" daemon [_thread_in_native, id=10964, stack(0x0000000018e50000,0x0000000018f50000)]
  0x000000001845b000 JavaThread "C2 CompilerThread0" daemon [_thread_in_native, id=6408, stack(0x0000000018d50000,0x0000000018e50000)]
  0x000000001845a000 JavaThread "Attach Listener" daemon [_thread_blocked, id=14152, stack(0x0000000018c50000,0x0000000018d50000)]
  0x0000000018465800 JavaThread "Signal Dispatcher" daemon [_thread_blocked, id=3900, stack(0x0000000018b50000,0x0000000018c50000)]
  0x000000000288e000 JavaThread "Finalizer" daemon [_thread_blocked, id=22204, stack(0x0000000018930000,0x0000000018a30000)]
  0x0000000002885000 JavaThread "Reference Handler" daemon [_thread_blocked, id=6136, stack(0x0000000018830000,0x0000000018930000)]
  0x000000000262d800 JavaThread "main" [_thread_blocked, id=20632, stack(0x0000000002690000,0x0000000002790000)]

Other Threads:
  0x0000000016648000 VMThread [stack: 0x0000000018330000,0x0000000018430000] [id=9244]
  0x00000000184f9800 WatcherThread [stack: 0x0000000019250000,0x0000000019350000] [id=20560]

VM state:not at safepoint (normal execution)

VM Mutex/Monitor currently owned by a thread: None

heap address: 0x00000000a0000000, size: 1536 MB, Compressed Oops mode: 32-bit
Narrow klass base: 0x0000000000000000, Narrow klass shift: 3
Compressed class space size: 1073741824 Address: 0x0000000100000000

Heap:
 PSYoungGen      total 501248K, used 284743K [0x00000000e0000000, 0x0000000100000000, 0x0000000100000000)
  eden space 478720K, 59% used [0x00000000e0000000,0x00000000f1521fc8,0x00000000fd380000)
  from space 22528K, 4% used [0x00000000fd380000,0x00000000fd470010,0x00000000fe980000)
  to   space 23040K, 0% used [0x00000000fe980000,0x00000000fe980000,0x0000000100000000)
 ParOldGen       total 203776K, used 114828K [0x00000000a0000000, 0x00000000ac700000, 0x00000000e0000000)
  object space 203776K, 56% used [0x00000000a0000000,0x00000000a7023250,0x00000000ac700000)
 Metaspace       used 101070K, capacity 105432K, committed 106496K, reserved 1142784K
  class space    used 13003K, capacity 13895K, committed 14080K, reserved 1048576K

Card table byte_map: [0x0000000011c50000,0x0000000011f60000] byte_map_base: 0x0000000011750000

Marking Bits: (ParMarkBitMap*) 0x00000000770a9f30
 Begin Bits: [0x0000000012960000, 0x0000000014160000)
 End Bits:   [0x0000000014160000, 0x0000000015960000)

Polling page: 0x00000000009d0000

CodeCache: size=245760Kb used=55655Kb max_used=55706Kb free=190104Kb
 bounds [0x0000000002890000, 0x0000000005f70000, 0x0000000011890000]
 total_blobs=17509 nmethods=16582 adapters=838
 compilation: enabled

Compilation events (10 events):
Event: 3396.497 Thread 0x000000001665e000 nmethod 20512 0x000000000564cc50 code [0x000000000564cda0, 0x000000000564cf10]
Event: 3396.497 Thread 0x000000001665e000 20513       2       com.android.tools.r8.u.b.P0::N0 (25 bytes)
Event: 3396.498 Thread 0x000000001665e000 nmethod 20513 0x000000000564c8d0 code [0x000000000564ca20, 0x000000000564cbb0]
Event: 3396.498 Thread 0x000000001665e000 20514       1       com.android.tools.r8.dex.e::a (1 bytes)
Event: 3396.498 Thread 0x000000001665e000 nmethod 20514 0x000000000564c610 code [0x000000000564c760, 0x000000000564c870]
Event: 3396.498 Thread 0x000000001665e000 20515       2       com.android.tools.r8.dex.m::a (98 bytes)
Event: 3396.499 Thread 0x000000001665e000 nmethod 20515 0x000000000564be90 code [0x000000000564c020, 0x000000000564c308]
Event: 3396.503 Thread 0x000000001665e000 20516       2       com.android.tools.r8.u.b.F0::a (18 bytes)
Event: 3396.503 Thread 0x000000001665e000 nmethod 20516 0x000000000564ba90 code [0x000000000564bc00, 0x000000000564bd88]
Event: 3396.503 Thread 0x000000001665e000 20517       2       com.android.tools.r8.u.b.F0::a (35 bytes)

GC Heap History (10 events):
Event: 3394.979 GC heap before
{Heap before GC invocations=31 (full 4):
 PSYoungGen      total 352768K, used 345921K [0x00000000e0000000, 0x00000000f7280000, 0x0000000100000000)
  eden space 330752K, 100% used [0x00000000e0000000,0x00000000f4300000,0x00000000f4300000)
  from space 22016K, 68% used [0x00000000f5900000,0x00000000f67d0730,0x00000000f6e80000)
  to   space 22528K, 0% used [0x00000000f4300000,0x00000000f4300000,0x00000000f5900000)
 ParOldGen       total 203776K, used 76094K [0x00000000a0000000, 0x00000000ac700000, 0x00000000e0000000)
  object space 203776K, 37% used [0x00000000a0000000,0x00000000a4a4fb20,0x00000000ac700000)
 Metaspace       used 100753K, capacity 105060K, committed 106240K, reserved 1140736K
  class space    used 12978K, capacity 13851K, committed 14080K, reserved 1048576K
Event: 3394.992 GC heap after
Heap after GC invocations=31 (full 4):
 PSYoungGen      total 353280K, used 4720K [0x00000000e0000000, 0x00000000fbd00000, 0x0000000100000000)
  eden space 330752K, 0% used [0x00000000e0000000,0x00000000e0000000,0x00000000f4300000)
  from space 22528K, 20% used [0x00000000f4300000,0x00000000f479c288,0x00000000f5900000)
  to   space 22528K, 0% used [0x00000000fa700000,0x00000000fa700000,0x00000000fbd00000)
 ParOldGen       total 203776K, used 88475K [0x00000000a0000000, 0x00000000ac700000, 0x00000000e0000000)
  object space 203776K, 43% used [0x00000000a0000000,0x00000000a5666f38,0x00000000ac700000)
 Metaspace       used 100753K, capacity 105060K, committed 106240K, reserved 1140736K
  class space    used 12978K, capacity 13851K, committed 14080K, reserved 1048576K
}
Event: 3395.326 GC heap before
{Heap before GC invocations=32 (full 4):
 PSYoungGen      total 353280K, used 335472K [0x00000000e0000000, 0x00000000fbd00000, 0x0000000100000000)
  eden space 330752K, 100% used [0x00000000e0000000,0x00000000f4300000,0x00000000f4300000)
  from space 22528K, 20% used [0x00000000f4300000,0x00000000f479c288,0x00000000f5900000)
  to   space 22528K, 0% used [0x00000000fa700000,0x00000000fa700000,0x00000000fbd00000)
 ParOldGen       total 203776K, used 88477K [0x00000000a0000000, 0x00000000ac700000, 0x00000000e0000000)
  object space 203776K, 43% used [0x00000000a0000000,0x00000000a5667588,0x00000000ac700000)
 Metaspace       used 100794K, capacity 105136K, committed 106496K, reserved 1142784K
  class space    used 12978K, capacity 13851K, committed 14080K, reserved 1048576K
Event: 3395.336 GC heap after
Heap after GC invocations=32 (full 4):
 PSYoungGen      total 431104K, used 7545K [0x00000000e0000000, 0x00000000fbb80000, 0x0000000100000000)
  eden space 410112K, 0% used [0x00000000e0000000,0x00000000e0000000,0x00000000f9080000)
  from space 20992K, 35% used [0x00000000fa700000,0x00000000fae5e538,0x00000000fbb80000)
  to   space 22016K, 0% used [0x00000000f9080000,0x00000000f9080000,0x00000000fa600000)
 ParOldGen       total 203776K, used 90718K [0x00000000a0000000, 0x00000000ac700000, 0x00000000e0000000)
  object space 203776K, 44% used [0x00000000a0000000,0x00000000a5897850,0x00000000ac700000)
 Metaspace       used 100794K, capacity 105136K, committed 106496K, reserved 1142784K
  class space    used 12978K, capacity 13851K, committed 14080K, reserved 1048576K
}
Event: 3395.724 GC heap before
{Heap before GC invocations=33 (full 4):
 PSYoungGen      total 431104K, used 417657K [0x00000000e0000000, 0x00000000fbb80000, 0x0000000100000000)
  eden space 410112K, 100% used [0x00000000e0000000,0x00000000f9080000,0x00000000f9080000)
  from space 20992K, 35% used [0x00000000fa700000,0x00000000fae5e538,0x00000000fbb80000)
  to   space 22016K, 0% used [0x00000000f9080000,0x00000000f9080000,0x00000000fa600000)
 ParOldGen       total 203776K, used 90718K [0x00000000a0000000, 0x00000000ac700000, 0x00000000e0000000)
  object space 203776K, 44% used [0x00000000a0000000,0x00000000a5897850,0x00000000ac700000)
 Metaspace       used 100805K, capacity 105140K, committed 106496K, reserved 1142784K
  class space    used 12978K, capacity 13851K, committed 14080K, reserved 1048576K
Event: 3395.744 GC heap after
Heap after GC invocations=33 (full 4):
 PSYoungGen      total 432128K, used 16353K [0x00000000e0000000, 0x0000000100000000, 0x0000000100000000)
  eden space 410112K, 0% used [0x00000000e0000000,0x00000000e0000000,0x00000000f9080000)
  from space 22016K, 74% used [0x00000000f9080000,0x00000000fa078558,0x00000000fa600000)
  to   space 23040K, 0% used [0x00000000fe980000,0x00000000fe980000,0x0000000100000000)
 ParOldGen       total 203776K, used 96236K [0x00000000a0000000, 0x00000000ac700000, 0x00000000e0000000)
  object space 203776K, 47% used [0x00000000a0000000,0x00000000a5dfb210,0x00000000ac700000)
 Metaspace       used 100805K, capacity 105140K, committed 106496K, reserved 1142784K
  class space    used 12978K, capacity 13851K, committed 14080K, reserved 1048576K
}
Event: 3396.126 GC heap before
{Heap before GC invocations=34 (full 4):
 PSYoungGen      total 432128K, used 426465K [0x00000000e0000000, 0x0000000100000000, 0x0000000100000000)
  eden space 410112K, 100% used [0x00000000e0000000,0x00000000f9080000,0x00000000f9080000)
  from space 22016K, 74% used [0x00000000f9080000,0x00000000fa078558,0x00000000fa600000)
  to   space 23040K, 0% used [0x00000000fe980000,0x00000000fe980000,0x0000000100000000)
 ParOldGen       total 203776K, used 96238K [0x00000000a0000000, 0x00000000ac700000, 0x00000000e0000000)
  object space 203776K, 47% used [0x00000000a0000000,0x00000000a5dfbaa0,0x00000000ac700000)
 Metaspace       used 100834K, capacity 105140K, committed 106496K, reserved 1142784K
  class space    used 12978K, capacity 13851K, committed 14080K, reserved 1048576K
Event: 3396.145 GC heap after
Heap after GC invocations=34 (full 4):
 PSYoungGen      total 501760K, used 6914K [0x00000000e0000000, 0x0000000100000000, 0x0000000100000000)
  eden space 478720K, 0% used [0x00000000e0000000,0x00000000e0000000,0x00000000fd380000)
  from space 23040K, 30% used [0x00000000fe980000,0x00000000ff040b78,0x0000000100000000)
  to   space 22528K, 0% used [0x00000000fd380000,0x00000000fd380000,0x00000000fe980000)
 ParOldGen       total 203776K, used 109744K [0x00000000a0000000, 0x00000000ac700000, 0x00000000e0000000)
  object space 203776K, 53% used [0x00000000a0000000,0x00000000a6b2c1c8,0x00000000ac700000)
 Metaspace       used 100834K, capacity 105140K, committed 106496K, reserved 1142784K
  class space    used 12978K, capacity 13851K, committed 14080K, reserved 1048576K
}
Event: 3396.172 GC heap before
{Heap before GC invocations=35 (full 4):
 PSYoungGen      total 501760K, used 48413K [0x00000000e0000000, 0x0000000100000000, 0x0000000100000000)
  eden space 478720K, 8% used [0x00000000e0000000,0x00000000e28868c0,0x00000000fd380000)
  from space 23040K, 30% used [0x00000000fe980000,0x00000000ff040b78,0x0000000100000000)
  to   space 22528K, 0% used [0x00000000fd380000,0x00000000fd380000,0x00000000fe980000)
 ParOldGen       total 203776K, used 109744K [0x00000000a0000000, 0x00000000ac700000, 0x00000000e0000000)
  object space 203776K, 53% used [0x00000000a0000000,0x00000000a6b2c1c8,0x00000000ac700000)
 Metaspace       used 100840K, capacity 105140K, committed 106496K, reserved 1142784K
  class space    used 12978K, capacity 13851K, committed 14080K, reserved 1048576K
Event: 3396.181 GC heap after
Heap after GC invocations=35 (full 4):
 PSYoungGen      total 501248K, used 960K [0x00000000e0000000, 0x0000000100000000, 0x0000000100000000)
  eden space 478720K, 0% used [0x00000000e0000000,0x00000000e0000000,0x00000000fd380000)
  from space 22528K, 4% used [0x00000000fd380000,0x00000000fd470010,0x00000000fe980000)
  to   space 23040K, 0% used [0x00000000fe980000,0x00000000fe980000,0x0000000100000000)
 ParOldGen       total 203776K, used 114828K [0x00000000a0000000, 0x00000000ac700000, 0x00000000e0000000)
  object space 203776K, 56% used [0x00000000a0000000,0x00000000a7023250,0x00000000ac700000)
 Metaspace       used 100840K, capacity 105140K, committed 106496K, reserved 1142784K
  class space    used 12978K, capacity 13851K, committed 14080K, reserved 1048576K
}

Deoptimization events (10 events):
Event: 3395.637 Thread 0x000000001b3e7800 Uncommon trap: reason=unstable_if action=reinterpret pc=0x0000000005539f98 method=com.android.tools.r8.B.a.a.s.a(Lcom/android/tools/r8/B/a/a/u;Z)V @ 31
Event: 3395.714 Thread 0x000000001b3e7800 Uncommon trap: reason=unstable_if action=reinterpret pc=0x000000000556a020 method=com.android.tools.r8.B.a.a.s.a(I)V @ 4
Event: 3396.035 Thread 0x0000000021bff800 Uncommon trap: reason=unstable_if action=reinterpret pc=0x0000000005a35e64 method=com.android.tools.r8.v.a.a.a.f.W0.a(I)Z @ 48
Event: 3396.278 Thread 0x000000001b3e7800 Uncommon trap: reason=unstable_if action=reinterpret pc=0x000000000398ae40 method=java.lang.ref.SoftReference.get()Ljava/lang/Object; @ 6
Event: 3396.466 Thread 0x0000000021654000 Uncommon trap: reason=class_check action=maybe_recompile pc=0x0000000005b876c4 method=com.android.tools.r8.utils.X.F()Z @ 6
Event: 3396.467 Thread 0x0000000021654000 Uncommon trap: reason=class_check action=maybe_recompile pc=0x0000000005b876c4 method=com.android.tools.r8.utils.X.F()Z @ 6
Event: 3396.467 Thread 0x0000000021654000 Uncommon trap: reason=class_check action=maybe_recompile pc=0x0000000005b876c4 method=com.android.tools.r8.utils.X.F()Z @ 6
Event: 3396.467 Thread 0x0000000021654000 Uncommon trap: reason=class_check action=maybe_recompile pc=0x0000000005b876c4 method=com.android.tools.r8.utils.X.F()Z @ 6
Event: 3396.467 Thread 0x0000000021654000 Uncommon trap: reason=class_check action=maybe_recompile pc=0x00000000056edfbc method=com.android.tools.r8.utils.X.F()Z @ 6
Event: 3396.503 Thread 0x0000000021654000 Uncommon trap: reason=class_check action=maybe_recompile pc=0x000000000479a474 method=java.util.zip.ZipOutputStream.writeInt(J)V @ 14

Classes redefined (0 events):
No events

Internal exceptions (10 events):
Event: 3396.181 Thread 0x0000000021bf8800 Exception <a 'sun/nio/fs/WindowsException'> (0x00000000e0295b10) thrown at [D:\src\AOSP-openjdk-cygwin\jdk8u\hotspot\src\share\vm\prims\jni.cpp, line 710]
Event: 3396.197 Thread 0x000000001b3e7800 Exception <a 'sun/nio/fs/WindowsException'> (0x00000000e13df808) thrown at [D:\src\AOSP-openjdk-cygwin\jdk8u\hotspot\src\share\vm\prims\jni.cpp, line 710]
Event: 3396.212 Thread 0x0000000021bf8800 Exception <a 'sun/nio/fs/WindowsException'> (0x00000000e02b5f38) thrown at [D:\src\AOSP-openjdk-cygwin\jdk8u\hotspot\src\share\vm\prims\jni.cpp, line 710]
Event: 3396.269 Thread 0x0000000021bf6000 Exception <a 'sun/nio/fs/WindowsException'> (0x00000000e53f0428) thrown at [D:\src\AOSP-openjdk-cygwin\jdk8u\hotspot\src\share\vm\prims\jni.cpp, line 710]
Event: 3396.278 Thread 0x000000001b3e7800 Implicit null exception at 0x000000000398a51c to 0x000000000398ae21
Event: 3396.288 Thread 0x0000000021bfa800 Exception <a 'sun/nio/fs/WindowsException'> (0x00000000e6757298) thrown at [D:\src\AOSP-openjdk-cygwin\jdk8u\hotspot\src\share\vm\prims\jni.cpp, line 710]
Event: 3396.347 Thread 0x0000000021bfe800 Exception <a 'sun/nio/fs/WindowsException'> (0x00000000e9a049b8) thrown at [D:\src\AOSP-openjdk-cygwin\jdk8u\hotspot\src\share\vm\prims\jni.cpp, line 710]
Event: 3396.353 Thread 0x000000001b3e7800 Exception <a 'sun/nio/fs/WindowsException'> (0x00000000e646db48) thrown at [D:\src\AOSP-openjdk-cygwin\jdk8u\hotspot\src\share\vm\prims\jni.cpp, line 710]
Event: 3396.403 Thread 0x000000001b3e7800 Exception <a 'java/lang/NoSuchMethodError': <clinit>> (0x00000000ec4073e8) thrown at [D:\src\AOSP-openjdk-cygwin\jdk8u\hotspot\src\share\vm\prims\jni.cpp, line 1614]
Event: 3396.404 Thread 0x000000001b3e7800 Exception <a 'java/lang/NoSuchMethodError': <clinit>> (0x00000000ec41f870) thrown at [D:\src\AOSP-openjdk-cygwin\jdk8u\hotspot\src\share\vm\prims\jni.cpp, line 1614]

Events (10 events):
Event: 3396.496 Thread 0x0000000021653800 DEOPT UNPACKING pc=0x00000000028d75d0 sp=0x00000000341cd120 mode 0
Event: 3396.498 Thread 0x0000000021653800 DEOPT PACKING pc=0x00000000056de167 sp=0x00000000341cd400
Event: 3396.498 Thread 0x0000000021653800 DEOPT UNPACKING pc=0x00000000028d75d0 sp=0x00000000341cd120 mode 0
Event: 3396.499 Thread 0x0000000021653800 DEOPT PACKING pc=0x00000000056de167 sp=0x00000000341cd400
Event: 3396.499 Thread 0x0000000021653800 DEOPT UNPACKING pc=0x00000000028d75d0 sp=0x00000000341cd120 mode 0
Event: 3396.502 loading class com/android/tools/r8/utils/N0
Event: 3396.502 loading class com/android/tools/r8/utils/N0 done
Event: 3396.503 Thread 0x0000000021654000 Uncommon trap: trap_request=0xffffffde fr.pc=0x000000000479a474
Event: 3396.503 Thread 0x0000000021654000 DEOPT PACKING pc=0x000000000479a474 sp=0x00000000345cd6d0
Event: 3396.503 Thread 0x0000000021654000 DEOPT UNPACKING pc=0x00000000028d557b sp=0x00000000345cd690 mode 2


Dynamic libraries:
0x00007ff6543b0000 - 0x00007ff6543e1000 	C:\Program Files\Android\Android Studio\jre\bin\java.exe
0x00007ffe15b30000 - 0x00007ffe15d1d000 	C:\Windows\SYSTEM32\ntdll.dll
0x00007ffe140d0000 - 0x00007ffe14183000 	C:\Windows\System32\KERNEL32.DLL
0x00007ffe11de0000 - 0x00007ffe12075000 	C:\Windows\System32\KERNELBASE.dll
0x00007ffe13190000 - 0x00007ffe13233000 	C:\Windows\System32\ADVAPI32.dll
0x00007ffe14030000 - 0x00007ffe140ce000 	C:\Windows\System32\msvcrt.dll
0x00007ffe14190000 - 0x00007ffe1422e000 	C:\Windows\System32\sechost.dll
0x00007ffe15880000 - 0x00007ffe159a2000 	C:\Windows\System32\RPCRT4.dll
0x00007ffe13d00000 - 0x00007ffe13e97000 	C:\Windows\System32\USER32.dll
0x00007ffe128b0000 - 0x00007ffe128d0000 	C:\Windows\System32\win32u.dll
0x00007ffe13ea0000 - 0x00007ffe13ec9000 	C:\Windows\System32\GDI32.dll
0x00007ffe128d0000 - 0x00007ffe12a6a000 	C:\Windows\System32\gdi32full.dll
0x00007ffe11d20000 - 0x00007ffe11dc0000 	C:\Windows\System32\msvcp_win.dll
0x00007ffe12c50000 - 0x00007ffe12d4a000 	C:\Windows\System32\ucrtbase.dll
0x00007ffe00920000 - 0x00007ffe00b99000 	C:\Windows\WinSxS\amd64_microsoft.windows.common-controls_6595b64144ccf1df_6.0.17763.1282_none_de75b6f253473c0f\COMCTL32.dll
0x00007ffe12e60000 - 0x00007ffe1318c000 	C:\Windows\System32\combase.dll
0x00007ffe11bf0000 - 0x00007ffe11c6e000 	C:\Windows\System32\bcryptPrimitives.dll
0x00007ffe13b20000 - 0x00007ffe13b4e000 	C:\Windows\System32\IMM32.DLL
0x0000000077400000 - 0x00000000774d2000 	C:\Program Files\Android\Android Studio\jre\jre\bin\msvcr100.dll
0x00000000768e0000 - 0x0000000077126000 	C:\Program Files\Android\Android Studio\jre\jre\bin\server\jvm.dll
0x00007ffe157a0000 - 0x00007ffe157a8000 	C:\Windows\System32\PSAPI.DLL
0x00007ffded580000 - 0x00007ffded589000 	C:\Windows\SYSTEM32\WSOCK32.dll
0x00007ffe0f360000 - 0x00007ffe0f384000 	C:\Windows\SYSTEM32\WINMM.dll
0x00007ffe04300000 - 0x00007ffe0430a000 	C:\Windows\SYSTEM32\VERSION.dll
0x00007ffe13ed0000 - 0x00007ffe13f3d000 	C:\Windows\System32\WS2_32.dll
0x00007ffe0f330000 - 0x00007ffe0f35d000 	C:\Windows\SYSTEM32\winmmbase.dll
0x00007ffe11c70000 - 0x00007ffe11cba000 	C:\Windows\System32\cfgmgr32.dll
0x00007ffdfefb0000 - 0x00007ffdfefbf000 	C:\Program Files\Android\Android Studio\jre\jre\bin\verify.dll
0x00007ffdeee10000 - 0x00007ffdeee39000 	C:\Program Files\Android\Android Studio\jre\jre\bin\java.dll
0x00007ffdf3df0000 - 0x00007ffdf3e06000 	C:\Program Files\Android\Android Studio\jre\jre\bin\zip.dll
0x00007ffe142a0000 - 0x00007ffe15798000 	C:\Windows\System32\SHELL32.dll
0x00007ffe12db0000 - 0x00007ffe12e58000 	C:\Windows\System32\shcore.dll
0x00007ffe12160000 - 0x00007ffe128af000 	C:\Windows\System32\windows.storage.dll
0x00007ffe11b20000 - 0x00007ffe11b44000 	C:\Windows\System32\profapi.dll
0x00007ffe11b90000 - 0x00007ffe11bed000 	C:\Windows\System32\powrprof.dll
0x00007ffe12d50000 - 0x00007ffe12da2000 	C:\Windows\System32\shlwapi.dll
0x00007ffe11b70000 - 0x00007ffe11b81000 	C:\Windows\System32\kernel.appcore.dll
0x00007ffe11dc0000 - 0x00007ffe11dd7000 	C:\Windows\System32\cryptsp.dll
0x00007ffdf22c0000 - 0x00007ffdf22da000 	C:\Program Files\Android\Android Studio\jre\jre\bin\net.dll
0x00007ffdfe700000 - 0x00007ffdfe8d7000 	C:\Windows\SYSTEM32\urlmon.dll
0x00007ffdfe450000 - 0x00007ffdfe6f8000 	C:\Windows\SYSTEM32\iertutil.dll
0x00007ffe11550000 - 0x00007ffe1155c000 	C:\Windows\SYSTEM32\CRYPTBASE.DLL
0x00007ffe11380000 - 0x00007ffe113e7000 	C:\Windows\system32\mswsock.dll
0x00007ffdeedf0000 - 0x00007ffdeee03000 	C:\Program Files\Android\Android Studio\jre\jre\bin\nio.dll
0x00007ffddadf0000 - 0x00007ffddae16000 	C:\Users\Maju\.gradle\native\30\windows-amd64\native-platform.dll
0x00007ffdfef40000 - 0x00007ffdfef4d000 	C:\Program Files\Android\Android Studio\jre\jre\bin\management.dll
0x00007ffe10f00000 - 0x00007ffe10f33000 	C:\Windows\system32\rsaenh.dll
0x00007ffe12130000 - 0x00007ffe12156000 	C:\Windows\System32\bcrypt.dll
0x00007ffe11a10000 - 0x00007ffe11a38000 	C:\Windows\SYSTEM32\USERENV.dll
0x00007ffe110a0000 - 0x00007ffe110dd000 	C:\Windows\SYSTEM32\IPHLPAPI.DLL
0x00007ffe14230000 - 0x00007ffe14238000 	C:\Windows\System32\NSI.dll
0x00007ffe0a220000 - 0x00007ffe0a236000 	C:\Windows\SYSTEM32\dhcpcsvc6.DLL
0x00007ffe09fc0000 - 0x00007ffe09fdc000 	C:\Windows\SYSTEM32\dhcpcsvc.DLL
0x00007ffe110e0000 - 0x00007ffe111a7000 	C:\Windows\SYSTEM32\DNSAPI.dll
0x00007ffde02c0000 - 0x00007ffde02e4000 	C:\Program Files\Android\Android Studio\jre\jre\bin\sunec.dll
0x00007ffe02ee0000 - 0x00007ffe02eea000 	C:\Windows\System32\rasadhlp.dll
0x00007ffe03980000 - 0x00007ffe039f9000 	C:\Windows\System32\fwpuclnt.dll
0x00007ffdff010000 - 0x00007ffdff01b000 	C:\Program Files\Android\Android Studio\jre\jre\bin\sunmscapi.dll
0x00007ffe12a70000 - 0x00007ffe12c4c000 	C:\Windows\System32\CRYPT32.dll
0x00007ffe11b50000 - 0x00007ffe11b62000 	C:\Windows\System32\MSASN1.dll
0x00007ffe10b80000 - 0x00007ffe10bb1000 	C:\Windows\SYSTEM32\ntmarta.dll

VM Arguments:
jvm_args: -Xmx1536m -Dfile.encoding=windows-1252 -Duser.country=FR -Duser.language=fr -Duser.variant 
java_command: org.gradle.launcher.daemon.bootstrap.GradleDaemon 5.6.4
java_class_path (initial): C:\Users\Maju\.gradle\wrapper\dists\gradle-5.6.4-all\ankdp27end7byghfw1q2sw75f\gradle-5.6.4\lib\gradle-launcher-5.6.4.jar
Launcher Type: SUN_STANDARD

Environment Variables:
PATH=C:\app\Maju\product\18.0.0\dbhomeXE\bin;C:\Program Files (x86)\Intel\Intel(R) Management Engine Components\iCLS\;C:\Program Files\Intel\Intel(R) Management Engine Components\iCLS\;C:\Windows\system32;C:\Windows;C:\Windows\System32\Wbem;C:\Windows\System32\WindowsPowerShell\v1.0\;C:\Windows\System32\OpenSSH\;C:\Program Files (x86)\Intel\Intel(R) Management Engine Components\DAL;C:\Program Files\Intel\Intel(R) Management Engine Components\DAL;C:\Program Files\Intel\WiFi\bin\;C:\Program Files\Common Files\Intel\WirelessCommon\;C:\Program Files (x86)\NVIDIA Corporation\PhysX\Common;C:\Program Files\NVIDIA Corporation\NVIDIA NvDLISR;C:\Program Files\Git\cmd;C:\Program Files\PuTTY\;C:\Users\Maju\AppData\Local\Microsoft\WindowsApps;
USERNAME=Maju
OS=Windows_NT
PROCESSOR_IDENTIFIER=Intel64 Family 6 Model 158 Stepping 10, GenuineIntel



---------------  S Y S T E M  ---------------

OS: Windows 10.0 , 64 bit Build 17763 (10.0.17763.1158)

CPU:total 8 (initial active 8) (4 cores per cpu, 2 threads per core) family 6 model 158 stepping 10, cmov, cx8, fxsr, mmx, sse, sse2, sse3, ssse3, sse4.1, sse4.2, popcnt, avx, avx2, aes, clmul, erms, 3dnowpref, lzcnt, ht, tsc, tscinvbit, bmi1, bmi2, adx

Memory: 4k page, physical 8202568k(919064k free), swap 19381580k(4260k free)

vm_info: OpenJDK 64-Bit Server VM (25.212-b04) for windows-amd64 JRE (1.8.0_212-release-1586-b04), built by "builder" with MS VC++ 10.0 (VS2010)

time: Mon Jun 22 15:54:46 2020
timezone: Paris, Madrid (heure d’été)
elapsed time: 3396 seconds (0d 0h 56m 36s)

